# JRE version: OpenJDK Runtime Environment (24.0.1+9) (build 24.0.1+9-30)
# Java VM: OpenJDK 64-Bit Server VM (24.0.1+9-30, mixed mode, emulated-client, sharing, tiered, compressed oops, compressed class ptrs, g1 gc, windows-amd64)
GC Precious Log:
 CardTable entry size: 512
 Card Set container configuration: InlinePtr #cards 5 size 8 Array Of Cards #cards 10 size 36 Howl #buckets 4 coarsen threshold 1843 Howl Bitmap #cards 512 size 80 coarsen threshold 460 Card regions per heap region 1 cards per card region 2048
 CPUs: 4 total, 4 available
 Memory: 8070M
 Large Page Support: Disabled
 NUMA Support: Disabled
 Compressed Oops: Enabled (32-bit)
 Heap Region Size: 1M
 Heap Min Capacity: 8M
 Heap Initial Capacity: 128M
 Heap Max Capacity: 2018M
 Pre-touch: Disabled
 Parallel Workers: 4
 Concurrent Workers: 1
 Concurrent Refinement Workers: 4
 Periodic GC: Disabled
Heap:
 garbage-first heap   total reserved 2066432K, committed 66560K, used 49391K [0x0000000081e00000, 0x0000000100000000)
  region size 1024K, 20 young (20480K), 3 survivors (3072K)
 Metaspace       used 68840K, committed 69440K, reserved 1114112K
  class space    used 7774K, committed 8000K, reserved 1048576K
GC Heap History (20 events):
Event: 509.946 GC heap after
{Heap after GC invocations=21 (full 2):
 garbage-first heap   total reserved 2066432K, committed 66560K, used 32049K [0x0000000081e00000, 0x0000000100000000)
  region size 1024K, 3 young (3072K), 3 survivors (3072K)
 Metaspace       used 65922K, committed 66496K, reserved 1114112K
  class space    used 7480K, committed 7744K, reserved 1048576K
}
Event: 599.621 GC heap before
{Heap before GC invocations=21 (full 2):
 garbage-first heap   total reserved 2066432K, committed 66560K, used 42289K [0x0000000081e00000, 0x0000000100000000)
  region size 1024K, 14 young (14336K), 3 survivors (3072K)
 Metaspace       used 65929K, committed 66496K, reserved 1114112K
  class space    used 7482K, committed 7744K, reserved 1048576K
}
Event: 599.703 GC heap after
{Heap after GC invocations=22 (full 3):
 garbage-first heap   total reserved 2066432K, committed 66560K, used 26165K [0x0000000081e00000, 0x0000000100000000)
  region size 1024K, 0 young (0K), 0 survivors (0K)
 Metaspace       used 65923K, committed 66496K, reserved 1114112K
  class space    used 7480K, committed 7744K, reserved 1048576K
}
Event: 602.010 GC heap before
{Heap before GC invocations=22 (full 3):
 garbage-first heap   total reserved 2066432K, committed 66560K, used 55861K [0x0000000081e00000, 0x0000000100000000)
  region size 1024K, 30 young (30720K), 0 survivors (0K)
 Metaspace       used 65955K, committed 66496K, reserved 1114112K
  class space    used 7485K, committed 7744K, reserved 1048576K
}
Event: 602.016 GC heap after
{Heap after GC invocations=23 (full 3):
 garbage-first heap   total reserved 2066432K, committed 66560K, used 29367K [0x0000000081e00000, 0x0000000100000000)
  region size 1024K, 4 young (4096K), 4 survivors (4096K)
 Metaspace       used 65955K, committed 66496K, reserved 1114112K
  class space    used 7485K, committed 7744K, reserved 1048576K
}
Event: 604.932 GC heap before
{Heap before GC invocations=23 (full 3):
 garbage-first heap   total reserved 2066432K, committed 66560K, used 54967K [0x0000000081e00000, 0x0000000100000000)
  region size 1024K, 30 young (30720K), 4 survivors (4096K)
 Metaspace       used 66136K, committed 66688K, reserved 1114112K
  class space    used 7500K, committed 7744K, reserved 1048576K
}
Event: 604.941 GC heap after
{Heap after GC invocations=24 (full 3):
 garbage-first heap   total reserved 2066432K, committed 66560K, used 32028K [0x0000000081e00000, 0x0000000100000000)
  region size 1024K, 3 young (3072K), 3 survivors (3072K)
 Metaspace       used 66136K, committed 66688K, reserved 1114112K
  class space    used 7500K, committed 7744K, reserved 1048576K
}
Event: 670.837 GC heap before
{Heap before GC invocations=24 (full 3):
 garbage-first heap   total reserved 2066432K, committed 66560K, used 40220K [0x0000000081e00000, 0x0000000100000000)
  region size 1024K, 12 young (12288K), 3 survivors (3072K)
 Metaspace       used 66138K, committed 66688K, reserved 1114112K
  class space    used 7501K, committed 7744K, reserved 1048576K
}
Event: 670.920 GC heap after
{Heap after GC invocations=25 (full 4):
 garbage-first heap   total reserved 2066432K, committed 66560K, used 26255K [0x0000000081e00000, 0x0000000100000000)
  region size 1024K, 0 young (0K), 0 survivors (0K)
 Metaspace       used 66136K, committed 66688K, reserved 1114112K
  class space    used 7500K, committed 7744K, reserved 1048576K
}
Event: 673.410 GC heap before
{Heap before GC invocations=25 (full 4):
 garbage-first heap   total reserved 2066432K, committed 66560K, used 56975K [0x0000000081e00000, 0x0000000100000000)
  region size 1024K, 30 young (30720K), 0 survivors (0K)
 Metaspace       used 66169K, committed 66688K, reserved 1114112K
  class space    used 7505K, committed 7744K, reserved 1048576K
}
Event: 673.418 GC heap after
{Heap after GC invocations=26 (full 4):
 garbage-first heap   total reserved 2066432K, committed 66560K, used 29711K [0x0000000081e00000, 0x0000000100000000)
  region size 1024K, 4 young (4096K), 4 survivors (4096K)
 Metaspace       used 66169K, committed 66688K, reserved 1114112K
  class space    used 7505K, committed 7744K, reserved 1048576K
}
Event: 676.008 GC heap before
{Heap before GC invocations=26 (full 4):
 garbage-first heap   total reserved 2066432K, committed 66560K, used 55311K [0x0000000081e00000, 0x0000000100000000)
  region size 1024K, 30 young (30720K), 4 survivors (4096K)
 Metaspace       used 66341K, committed 66880K, reserved 1114112K
  class space    used 7519K, committed 7808K, reserved 1048576K
}
Event: 676.017 GC heap after
{Heap after GC invocations=27 (full 4):
 garbage-first heap   total reserved 2066432K, committed 66560K, used 32115K [0x0000000081e00000, 0x0000000100000000)
  region size 1024K, 3 young (3072K), 3 survivors (3072K)
 Metaspace       used 66341K, committed 66880K, reserved 1114112K
  class space    used 7519K, committed 7808K, reserved 1048576K
}
Event: 702.437 GC heap before
{Heap before GC invocations=27 (full 4):
 garbage-first heap   total reserved 2066432K, committed 66560K, used 39283K [0x0000000081e00000, 0x0000000100000000)
  region size 1024K, 11 young (11264K), 3 survivors (3072K)
 Metaspace       used 66344K, committed 66944K, reserved 1114112K
  class space    used 7520K, committed 7808K, reserved 1048576K
}
Event: 702.520 GC heap after
{Heap after GC invocations=28 (full 5):
 garbage-first heap   total reserved 2066432K, committed 66560K, used 26341K [0x0000000081e00000, 0x0000000100000000)
  region size 1024K, 0 young (0K), 0 survivors (0K)
 Metaspace       used 66341K, committed 66944K, reserved 1114112K
  class space    used 7519K, committed 7808K, reserved 1048576K
}
Event: 705.248 GC heap before
{Heap before GC invocations=28 (full 5):
 garbage-first heap   total reserved 2066432K, committed 66560K, used 57061K [0x0000000081e00000, 0x0000000100000000)
  region size 1024K, 31 young (31744K), 0 survivors (0K)
 Metaspace       used 66376K, committed 66944K, reserved 1114112K
  class space    used 7525K, committed 7808K, reserved 1048576K
}
Event: 705.255 GC heap after
{Heap after GC invocations=29 (full 5):
 garbage-first heap   total reserved 2066432K, committed 66560K, used 29804K [0x0000000081e00000, 0x0000000100000000)
  region size 1024K, 4 young (4096K), 4 survivors (4096K)
 Metaspace       used 66376K, committed 66944K, reserved 1114112K
  class space    used 7525K, committed 7808K, reserved 1048576K
}
Event: 708.126 GC heap before
{Heap before GC invocations=29 (full 5):
 garbage-first heap   total reserved 2066432K, committed 66560K, used 56428K [0x0000000081e00000, 0x0000000100000000)
  region size 1024K, 31 young (31744K), 4 survivors (4096K)
 Metaspace       used 66560K, committed 67136K, reserved 1114112K
  class space    used 7541K, committed 7808K, reserved 1048576K
}
Event: 708.135 GC heap after
{Heap after GC invocations=30 (full 5):
 garbage-first heap   total reserved 2066432K, committed 66560K, used 32218K [0x0000000081e00000, 0x0000000100000000)
  region size 1024K, 3 young (3072K), 3 survivors (3072K)
 Metaspace       used 66560K, committed 67136K, reserved 1114112K
  class space    used 7541K, committed 7808K, reserved 1048576K
}
Event: 781.595 GC heap before
{Heap before GC invocations=30 (full 5):
 garbage-first heap   total reserved 2066432K, committed 66560K, used 47578K [0x0000000081e00000, 0x0000000100000000)
  region size 1024K, 20 young (20480K), 3 survivors (3072K)
 Metaspace       used 68840K, committed 69440K, reserved 1114112K
  class space    used 7774K, committed 8000K, reserved 1048576K
}

